0 info it worked if it ends with ok
1 verbose cli [ '/usr/local/Cellar/node/5.9.1/bin/node',
1 verbose cli   '/usr/local/bin/npm',
1 verbose cli   'run',
1 verbose cli   'ssh' ]
2 info using npm@3.7.3
3 info using node@v5.9.1
4 verbose run-script [ 'pressh', 'ssh', 'postssh' ]
5 info lifecycle nhba@1.0.0~pressh: nhba@1.0.0
6 silly lifecycle nhba@1.0.0~pressh: no script for pressh, continuing
7 info lifecycle nhba@1.0.0~ssh: nhba@1.0.0
8 verbose lifecycle nhba@1.0.0~ssh: unsafe-perm in lifecycle true
9 verbose lifecycle nhba@1.0.0~ssh: PATH: /usr/local/lib/node_modules/npm/bin/node-gyp-bin:/Users/coreytegeler/Sites/nhba/node_modules/.bin:/usr/local/Cellar/node/5.9.1/bin:/opt/local/bin:/opt/local/sbin:/usr/local/bin:/usr/local/share/npm/bin:/usr/local/bin:/usr/local/heroku/bin:/usr/local/git/bin:/usr/local/bin:/usr/bin:/bin:/usr/sbin:~/src/stagecoach/bin:/usr/local/MacGPG2/bin:/usr/local/mysql/bin:/User/coreytegeler/src/stagecoach/bin
10 verbose lifecycle nhba@1.0.0~ssh: CWD: /Users/coreytegeler/Sites/nhba
11 silly lifecycle nhba@1.0.0~ssh: Args: [ '-c',
11 silly lifecycle   'ssh -i new-haven-building-archive.pem ubuntu@34.193.46.57' ]
12 silly lifecycle nhba@1.0.0~ssh: Returned: code: 255  signal: null
13 info lifecycle nhba@1.0.0~ssh: Failed to exec ssh script
14 verbose stack Error: nhba@1.0.0 ssh: `ssh -i new-haven-building-archive.pem ubuntu@34.193.46.57`
14 verbose stack Exit status 255
14 verbose stack     at EventEmitter.<anonymous> (/usr/local/lib/node_modules/npm/lib/utils/lifecycle.js:239:16)
14 verbose stack     at emitTwo (events.js:100:13)
14 verbose stack     at EventEmitter.emit (events.js:185:7)
14 verbose stack     at ChildProcess.<anonymous> (/usr/local/lib/node_modules/npm/lib/utils/spawn.js:24:14)
14 verbose stack     at emitTwo (events.js:100:13)
14 verbose stack     at ChildProcess.emit (events.js:185:7)
14 verbose stack     at maybeClose (internal/child_process.js:850:16)
14 verbose stack     at Process.ChildProcess._handle.onexit (internal/child_process.js:215:5)
15 verbose pkgid nhba@1.0.0
16 verbose cwd /Users/coreytegeler/Sites/nhba
17 error Darwin 15.6.0
18 error argv "/usr/local/Cellar/node/5.9.1/bin/node" "/usr/local/bin/npm" "run" "ssh"
19 error node v5.9.1
20 error npm  v3.7.3
21 error code ELIFECYCLE
22 error nhba@1.0.0 ssh: `ssh -i new-haven-building-archive.pem ubuntu@34.193.46.57`
22 error Exit status 255
23 error Failed at the nhba@1.0.0 ssh script 'ssh -i new-haven-building-archive.pem ubuntu@34.193.46.57'.
23 error Make sure you have the latest version of node.js and npm installed.
23 error If you do, this is most likely a problem with the nhba package,
23 error not with npm itself.
23 error Tell the author that this fails on your system:
23 error     ssh -i new-haven-building-archive.pem ubuntu@34.193.46.57
23 error You can get information on how to open an issue for this project with:
23 error     npm bugs nhba
23 error Or if that isn't available, you can get their info via:
23 error     npm owner ls nhba
23 error There is likely additional logging output above.
24 verbose exit [ 1, true ]
