[2016-11-08T15:05:32,729][ERROR][o.e.b.Bootstrap          ] Exception
java.lang.RuntimeException: can not run elasticsearch as root
	at org.elasticsearch.bootstrap.Bootstrap.initializeNatives(Bootstrap.java:96) ~[elasticsearch-5.0.0.jar:5.0.0]
	at org.elasticsearch.bootstrap.Bootstrap.setup(Bootstrap.java:155) ~[elasticsearch-5.0.0.jar:5.0.0]
	at org.elasticsearch.bootstrap.Bootstrap.init(Bootstrap.java:286) [elasticsearch-5.0.0.jar:5.0.0]
	at org.elasticsearch.bootstrap.Elasticsearch.init(Elasticsearch.java:112) [elasticsearch-5.0.0.jar:5.0.0]
	at org.elasticsearch.bootstrap.Elasticsearch.execute(Elasticsearch.java:103) [elasticsearch-5.0.0.jar:5.0.0]
	at org.elasticsearch.cli.SettingCommand.execute(SettingCommand.java:54) [elasticsearch-5.0.0.jar:5.0.0]
	at org.elasticsearch.cli.Command.mainWithoutErrorHandling(Command.java:96) [elasticsearch-5.0.0.jar:5.0.0]
	at org.elasticsearch.cli.Command.main(Command.java:62) [elasticsearch-5.0.0.jar:5.0.0]
	at org.elasticsearch.bootstrap.Elasticsearch.main(Elasticsearch.java:80) [elasticsearch-5.0.0.jar:5.0.0]
	at org.elasticsearch.bootstrap.Elasticsearch.main(Elasticsearch.java:73) [elasticsearch-5.0.0.jar:5.0.0]
[2016-11-08T15:05:32,746][WARN ][o.e.b.ElasticsearchUncaughtExceptionHandler] [] uncaught exception in thread [main]
org.elasticsearch.bootstrap.StartupException: java.lang.RuntimeException: can not run elasticsearch as root
	at org.elasticsearch.bootstrap.Elasticsearch.init(Elasticsearch.java:116) ~[elasticsearch-5.0.0.jar:5.0.0]
	at org.elasticsearch.bootstrap.Elasticsearch.execute(Elasticsearch.java:103) ~[elasticsearch-5.0.0.jar:5.0.0]
	at org.elasticsearch.cli.SettingCommand.execute(SettingCommand.java:54) ~[elasticsearch-5.0.0.jar:5.0.0]
	at org.elasticsearch.cli.Command.mainWithoutErrorHandling(Command.java:96) ~[elasticsearch-5.0.0.jar:5.0.0]
	at org.elasticsearch.cli.Command.main(Command.java:62) ~[elasticsearch-5.0.0.jar:5.0.0]
	at org.elasticsearch.bootstrap.Elasticsearch.main(Elasticsearch.java:80) ~[elasticsearch-5.0.0.jar:5.0.0]
	at org.elasticsearch.bootstrap.Elasticsearch.main(Elasticsearch.java:73) ~[elasticsearch-5.0.0.jar:5.0.0]
Caused by: java.lang.RuntimeException: can not run elasticsearch as root
	at org.elasticsearch.bootstrap.Bootstrap.initializeNatives(Bootstrap.java:96) ~[elasticsearch-5.0.0.jar:5.0.0]
	at org.elasticsearch.bootstrap.Bootstrap.setup(Bootstrap.java:155) ~[elasticsearch-5.0.0.jar:5.0.0]
	at org.elasticsearch.bootstrap.Bootstrap.init(Bootstrap.java:286) ~[elasticsearch-5.0.0.jar:5.0.0]
	at org.elasticsearch.bootstrap.Elasticsearch.init(Elasticsearch.java:112) ~[elasticsearch-5.0.0.jar:5.0.0]
	... 6 more
[2016-11-08T15:33:53,569][ERROR][o.e.b.Bootstrap          ] Exception
java.lang.RuntimeException: can not run elasticsearch as root
	at org.elasticsearch.bootstrap.Bootstrap.initializeNatives(Bootstrap.java:96) ~[elasticsearch-5.0.0.jar:5.0.0]
	at org.elasticsearch.bootstrap.Bootstrap.setup(Bootstrap.java:155) ~[elasticsearch-5.0.0.jar:5.0.0]
	at org.elasticsearch.bootstrap.Bootstrap.init(Bootstrap.java:286) [elasticsearch-5.0.0.jar:5.0.0]
	at org.elasticsearch.bootstrap.Elasticsearch.init(Elasticsearch.java:112) [elasticsearch-5.0.0.jar:5.0.0]
	at org.elasticsearch.bootstrap.Elasticsearch.execute(Elasticsearch.java:103) [elasticsearch-5.0.0.jar:5.0.0]
	at org.elasticsearch.cli.SettingCommand.execute(SettingCommand.java:54) [elasticsearch-5.0.0.jar:5.0.0]
	at org.elasticsearch.cli.Command.mainWithoutErrorHandling(Command.java:96) [elasticsearch-5.0.0.jar:5.0.0]
	at org.elasticsearch.cli.Command.main(Command.java:62) [elasticsearch-5.0.0.jar:5.0.0]
	at org.elasticsearch.bootstrap.Elasticsearch.main(Elasticsearch.java:80) [elasticsearch-5.0.0.jar:5.0.0]
	at org.elasticsearch.bootstrap.Elasticsearch.main(Elasticsearch.java:73) [elasticsearch-5.0.0.jar:5.0.0]
[2016-11-08T15:33:53,581][WARN ][o.e.b.ElasticsearchUncaughtExceptionHandler] [] uncaught exception in thread [main]
org.elasticsearch.bootstrap.StartupException: java.lang.RuntimeException: can not run elasticsearch as root
	at org.elasticsearch.bootstrap.Elasticsearch.init(Elasticsearch.java:116) ~[elasticsearch-5.0.0.jar:5.0.0]
	at org.elasticsearch.bootstrap.Elasticsearch.execute(Elasticsearch.java:103) ~[elasticsearch-5.0.0.jar:5.0.0]
	at org.elasticsearch.cli.SettingCommand.execute(SettingCommand.java:54) ~[elasticsearch-5.0.0.jar:5.0.0]
	at org.elasticsearch.cli.Command.mainWithoutErrorHandling(Command.java:96) ~[elasticsearch-5.0.0.jar:5.0.0]
	at org.elasticsearch.cli.Command.main(Command.java:62) ~[elasticsearch-5.0.0.jar:5.0.0]
	at org.elasticsearch.bootstrap.Elasticsearch.main(Elasticsearch.java:80) ~[elasticsearch-5.0.0.jar:5.0.0]
	at org.elasticsearch.bootstrap.Elasticsearch.main(Elasticsearch.java:73) ~[elasticsearch-5.0.0.jar:5.0.0]
Caused by: java.lang.RuntimeException: can not run elasticsearch as root
	at org.elasticsearch.bootstrap.Bootstrap.initializeNatives(Bootstrap.java:96) ~[elasticsearch-5.0.0.jar:5.0.0]
	at org.elasticsearch.bootstrap.Bootstrap.setup(Bootstrap.java:155) ~[elasticsearch-5.0.0.jar:5.0.0]
	at org.elasticsearch.bootstrap.Bootstrap.init(Bootstrap.java:286) ~[elasticsearch-5.0.0.jar:5.0.0]
	at org.elasticsearch.bootstrap.Elasticsearch.init(Elasticsearch.java:112) ~[elasticsearch-5.0.0.jar:5.0.0]
	... 6 more
[2016-11-08T15:41:28,366][ERROR][o.e.b.Bootstrap          ] Exception
java.lang.RuntimeException: can not run elasticsearch as root
	at org.elasticsearch.bootstrap.Bootstrap.initializeNatives(Bootstrap.java:96) ~[elasticsearch-5.0.0.jar:5.0.0]
	at org.elasticsearch.bootstrap.Bootstrap.setup(Bootstrap.java:155) ~[elasticsearch-5.0.0.jar:5.0.0]
	at org.elasticsearch.bootstrap.Bootstrap.init(Bootstrap.java:286) [elasticsearch-5.0.0.jar:5.0.0]
	at org.elasticsearch.bootstrap.Elasticsearch.init(Elasticsearch.java:112) [elasticsearch-5.0.0.jar:5.0.0]
	at org.elasticsearch.bootstrap.Elasticsearch.execute(Elasticsearch.java:103) [elasticsearch-5.0.0.jar:5.0.0]
	at org.elasticsearch.cli.SettingCommand.execute(SettingCommand.java:54) [elasticsearch-5.0.0.jar:5.0.0]
	at org.elasticsearch.cli.Command.mainWithoutErrorHandling(Command.java:96) [elasticsearch-5.0.0.jar:5.0.0]
	at org.elasticsearch.cli.Command.main(Command.java:62) [elasticsearch-5.0.0.jar:5.0.0]
	at org.elasticsearch.bootstrap.Elasticsearch.main(Elasticsearch.java:80) [elasticsearch-5.0.0.jar:5.0.0]
	at org.elasticsearch.bootstrap.Elasticsearch.main(Elasticsearch.java:73) [elasticsearch-5.0.0.jar:5.0.0]
[2016-11-08T15:41:28,378][WARN ][o.e.b.ElasticsearchUncaughtExceptionHandler] [] uncaught exception in thread [main]
org.elasticsearch.bootstrap.StartupException: java.lang.RuntimeException: can not run elasticsearch as root
	at org.elasticsearch.bootstrap.Elasticsearch.init(Elasticsearch.java:116) ~[elasticsearch-5.0.0.jar:5.0.0]
	at org.elasticsearch.bootstrap.Elasticsearch.execute(Elasticsearch.java:103) ~[elasticsearch-5.0.0.jar:5.0.0]
	at org.elasticsearch.cli.SettingCommand.execute(SettingCommand.java:54) ~[elasticsearch-5.0.0.jar:5.0.0]
	at org.elasticsearch.cli.Command.mainWithoutErrorHandling(Command.java:96) ~[elasticsearch-5.0.0.jar:5.0.0]
	at org.elasticsearch.cli.Command.main(Command.java:62) ~[elasticsearch-5.0.0.jar:5.0.0]
	at org.elasticsearch.bootstrap.Elasticsearch.main(Elasticsearch.java:80) ~[elasticsearch-5.0.0.jar:5.0.0]
	at org.elasticsearch.bootstrap.Elasticsearch.main(Elasticsearch.java:73) ~[elasticsearch-5.0.0.jar:5.0.0]
Caused by: java.lang.RuntimeException: can not run elasticsearch as root
	at org.elasticsearch.bootstrap.Bootstrap.initializeNatives(Bootstrap.java:96) ~[elasticsearch-5.0.0.jar:5.0.0]
	at org.elasticsearch.bootstrap.Bootstrap.setup(Bootstrap.java:155) ~[elasticsearch-5.0.0.jar:5.0.0]
	at org.elasticsearch.bootstrap.Bootstrap.init(Bootstrap.java:286) ~[elasticsearch-5.0.0.jar:5.0.0]
	at org.elasticsearch.bootstrap.Elasticsearch.init(Elasticsearch.java:112) ~[elasticsearch-5.0.0.jar:5.0.0]
	... 6 more
[2016-11-08T15:43:21,424][ERROR][o.e.b.Bootstrap          ] Exception
java.lang.RuntimeException: can not run elasticsearch as root
	at org.elasticsearch.bootstrap.Bootstrap.initializeNatives(Bootstrap.java:96) ~[elasticsearch-5.0.0.jar:5.0.0]
	at org.elasticsearch.bootstrap.Bootstrap.setup(Bootstrap.java:155) ~[elasticsearch-5.0.0.jar:5.0.0]
	at org.elasticsearch.bootstrap.Bootstrap.init(Bootstrap.java:286) [elasticsearch-5.0.0.jar:5.0.0]
	at org.elasticsearch.bootstrap.Elasticsearch.init(Elasticsearch.java:112) [elasticsearch-5.0.0.jar:5.0.0]
	at org.elasticsearch.bootstrap.Elasticsearch.execute(Elasticsearch.java:103) [elasticsearch-5.0.0.jar:5.0.0]
	at org.elasticsearch.cli.SettingCommand.execute(SettingCommand.java:54) [elasticsearch-5.0.0.jar:5.0.0]
	at org.elasticsearch.cli.Command.mainWithoutErrorHandling(Command.java:96) [elasticsearch-5.0.0.jar:5.0.0]
	at org.elasticsearch.cli.Command.main(Command.java:62) [elasticsearch-5.0.0.jar:5.0.0]
	at org.elasticsearch.bootstrap.Elasticsearch.main(Elasticsearch.java:80) [elasticsearch-5.0.0.jar:5.0.0]
	at org.elasticsearch.bootstrap.Elasticsearch.main(Elasticsearch.java:73) [elasticsearch-5.0.0.jar:5.0.0]
[2016-11-08T15:43:21,441][WARN ][o.e.b.ElasticsearchUncaughtExceptionHandler] [] uncaught exception in thread [main]
org.elasticsearch.bootstrap.StartupException: java.lang.RuntimeException: can not run elasticsearch as root
	at org.elasticsearch.bootstrap.Elasticsearch.init(Elasticsearch.java:116) ~[elasticsearch-5.0.0.jar:5.0.0]
	at org.elasticsearch.bootstrap.Elasticsearch.execute(Elasticsearch.java:103) ~[elasticsearch-5.0.0.jar:5.0.0]
	at org.elasticsearch.cli.SettingCommand.execute(SettingCommand.java:54) ~[elasticsearch-5.0.0.jar:5.0.0]
	at org.elasticsearch.cli.Command.mainWithoutErrorHandling(Command.java:96) ~[elasticsearch-5.0.0.jar:5.0.0]
	at org.elasticsearch.cli.Command.main(Command.java:62) ~[elasticsearch-5.0.0.jar:5.0.0]
	at org.elasticsearch.bootstrap.Elasticsearch.main(Elasticsearch.java:80) ~[elasticsearch-5.0.0.jar:5.0.0]
	at org.elasticsearch.bootstrap.Elasticsearch.main(Elasticsearch.java:73) ~[elasticsearch-5.0.0.jar:5.0.0]
Caused by: java.lang.RuntimeException: can not run elasticsearch as root
	at org.elasticsearch.bootstrap.Bootstrap.initializeNatives(Bootstrap.java:96) ~[elasticsearch-5.0.0.jar:5.0.0]
	at org.elasticsearch.bootstrap.Bootstrap.setup(Bootstrap.java:155) ~[elasticsearch-5.0.0.jar:5.0.0]
	at org.elasticsearch.bootstrap.Bootstrap.init(Bootstrap.java:286) ~[elasticsearch-5.0.0.jar:5.0.0]
	at org.elasticsearch.bootstrap.Elasticsearch.init(Elasticsearch.java:112) ~[elasticsearch-5.0.0.jar:5.0.0]
	... 6 more
[2016-11-08T15:45:02,658][ERROR][o.e.b.Bootstrap          ] Exception
java.lang.RuntimeException: can not run elasticsearch as root
	at org.elasticsearch.bootstrap.Bootstrap.initializeNatives(Bootstrap.java:96) ~[elasticsearch-5.0.0.jar:5.0.0]
	at org.elasticsearch.bootstrap.Bootstrap.setup(Bootstrap.java:155) ~[elasticsearch-5.0.0.jar:5.0.0]
	at org.elasticsearch.bootstrap.Bootstrap.init(Bootstrap.java:286) [elasticsearch-5.0.0.jar:5.0.0]
	at org.elasticsearch.bootstrap.Elasticsearch.init(Elasticsearch.java:112) [elasticsearch-5.0.0.jar:5.0.0]
	at org.elasticsearch.bootstrap.Elasticsearch.execute(Elasticsearch.java:103) [elasticsearch-5.0.0.jar:5.0.0]
	at org.elasticsearch.cli.SettingCommand.execute(SettingCommand.java:54) [elasticsearch-5.0.0.jar:5.0.0]
	at org.elasticsearch.cli.Command.mainWithoutErrorHandling(Command.java:96) [elasticsearch-5.0.0.jar:5.0.0]
	at org.elasticsearch.cli.Command.main(Command.java:62) [elasticsearch-5.0.0.jar:5.0.0]
	at org.elasticsearch.bootstrap.Elasticsearch.main(Elasticsearch.java:80) [elasticsearch-5.0.0.jar:5.0.0]
	at org.elasticsearch.bootstrap.Elasticsearch.main(Elasticsearch.java:73) [elasticsearch-5.0.0.jar:5.0.0]
[2016-11-08T15:45:02,675][WARN ][o.e.b.ElasticsearchUncaughtExceptionHandler] [] uncaught exception in thread [main]
org.elasticsearch.bootstrap.StartupException: java.lang.RuntimeException: can not run elasticsearch as root
	at org.elasticsearch.bootstrap.Elasticsearch.init(Elasticsearch.java:116) ~[elasticsearch-5.0.0.jar:5.0.0]
	at org.elasticsearch.bootstrap.Elasticsearch.execute(Elasticsearch.java:103) ~[elasticsearch-5.0.0.jar:5.0.0]
	at org.elasticsearch.cli.SettingCommand.execute(SettingCommand.java:54) ~[elasticsearch-5.0.0.jar:5.0.0]
	at org.elasticsearch.cli.Command.mainWithoutErrorHandling(Command.java:96) ~[elasticsearch-5.0.0.jar:5.0.0]
	at org.elasticsearch.cli.Command.main(Command.java:62) ~[elasticsearch-5.0.0.jar:5.0.0]
	at org.elasticsearch.bootstrap.Elasticsearch.main(Elasticsearch.java:80) ~[elasticsearch-5.0.0.jar:5.0.0]
	at org.elasticsearch.bootstrap.Elasticsearch.main(Elasticsearch.java:73) ~[elasticsearch-5.0.0.jar:5.0.0]
Caused by: java.lang.RuntimeException: can not run elasticsearch as root
	at org.elasticsearch.bootstrap.Bootstrap.initializeNatives(Bootstrap.java:96) ~[elasticsearch-5.0.0.jar:5.0.0]
	at org.elasticsearch.bootstrap.Bootstrap.setup(Bootstrap.java:155) ~[elasticsearch-5.0.0.jar:5.0.0]
	at org.elasticsearch.bootstrap.Bootstrap.init(Bootstrap.java:286) ~[elasticsearch-5.0.0.jar:5.0.0]
	at org.elasticsearch.bootstrap.Elasticsearch.init(Elasticsearch.java:112) ~[elasticsearch-5.0.0.jar:5.0.0]
	... 6 more
